<?xml version="1.0" encoding="UTF-8"?>
<testng-results skipped="0" failed="1" ignored="0" total="1" passed="0">
  <reporter-output>
  </reporter-output>
  <suite name="Suite" duration-ms="184999" started-at="2020-03-02T11:37:24 IST" finished-at="2020-03-02T11:40:29 IST">
    <groups>
    </groups>
    <test name="Test" duration-ms="184999" started-at="2020-03-02T11:37:24 IST" finished-at="2020-03-02T11:40:29 IST">
      <class name="com.mv.GetsPlacements1.GetsPlacementTest">
        <test-method status="FAIL" signature="TestMethod(com.mv.GetsPlacements1.Helper)[pri:0, instance:com.mv.GetsPlacements1.GetsPlacementTest@2d928643]" name="TestMethod" duration-ms="184866" started-at="2020-03-02T11:37:24 IST" data-provider="InputData" finished-at="2020-03-02T11:40:29 IST">
          <params>
            <param index="0">
              <value>
                <![CDATA[com.mv.GetsPlacements1.Helper@3af37506]]>
              </value>
            </param>
          </params>
          <exception class="org.openqa.selenium.WebDriverException">
            <message>
              <![CDATA[unknown error: cannot find MSEdge binary
Build info: version: '3.141.59', revision: 'e82be7d358', time: '2018-11-14T08:17:03'
System info: host: 'MLPT003', ip: '192.168.0.45', os.name: 'Windows 10', os.arch: 'amd64', os.version: '10.0', java.version: '1.8.0_231'
Driver info: driver.version: EdgeDriver
remote stacktrace: Backtrace:
Ordinal0 [0x00007FF67BBF7C42+3636290]
Ordinal0 [0x00007FF67BB0F949+2685257]
Ordinal0 [0x00007FF67B9AC0B1+1228977]
Ordinal0 [0x00007FF67B8FD535+513333]
Ordinal0 [0x00007FF67B8FA854+501844]
Ordinal0 [0x00007FF67B92EA47+715335]
Ordinal0 [0x00007FF67B92BEAF+704175]
Ordinal0 [0x00007FF67B9060E3+549091]
Ordinal0 [0x00007FF67B906EAE+552622]
Ordinal0 [0x00007FF67BB2CCA5+2804901]
GetHandleVerifier [0x00007FF67BD41DAC+1210124]
GetHandleVerifier [0x00007FF67BD41B20+1209472]
GetHandleVerifier [0x00007FF67BD56A91+1295345]
GetHandleVerifier [0x00007FF67BD428F4+1213012]
Ordinal0 [0x00007FF67BB20A08+2755080]
Ordinal0 [0x00007FF67BB2F079+2814073]
Ordinal0 [0x00007FF67BB4CEB8+2936504]
BaseThreadInitThunk [0x00007FF9D2ED7BD4+20]
RtlUserThreadStart [0x00007FF9D3BCCED1+33]
]]>
            </message>
            <full-stacktrace>
              <![CDATA[org.openqa.selenium.WebDriverException: unknown error: cannot find MSEdge binary
Build info: version: '3.141.59', revision: 'e82be7d358', time: '2018-11-14T08:17:03'
System info: host: 'MLPT003', ip: '192.168.0.45', os.name: 'Windows 10', os.arch: 'amd64', os.version: '10.0', java.version: '1.8.0_231'
Driver info: driver.version: EdgeDriver
remote stacktrace: Backtrace:
Ordinal0 [0x00007FF67BBF7C42+3636290]
Ordinal0 [0x00007FF67BB0F949+2685257]
Ordinal0 [0x00007FF67B9AC0B1+1228977]
Ordinal0 [0x00007FF67B8FD535+513333]
Ordinal0 [0x00007FF67B8FA854+501844]
Ordinal0 [0x00007FF67B92EA47+715335]
Ordinal0 [0x00007FF67B92BEAF+704175]
Ordinal0 [0x00007FF67B9060E3+549091]
Ordinal0 [0x00007FF67B906EAE+552622]
Ordinal0 [0x00007FF67BB2CCA5+2804901]
GetHandleVerifier [0x00007FF67BD41DAC+1210124]
GetHandleVerifier [0x00007FF67BD41B20+1209472]
GetHandleVerifier [0x00007FF67BD56A91+1295345]
GetHandleVerifier [0x00007FF67BD428F4+1213012]
Ordinal0 [0x00007FF67BB20A08+2755080]
Ordinal0 [0x00007FF67BB2F079+2814073]
Ordinal0 [0x00007FF67BB4CEB8+2936504]
BaseThreadInitThunk [0x00007FF9D2ED7BD4+20]
RtlUserThreadStart [0x00007FF9D3BCCED1+33]

at sun.reflect.NativeConstructorAccessorImpl.newInstance0(Native Method)
at sun.reflect.NativeConstructorAccessorImpl.newInstance(NativeConstructorAccessorImpl.java:62)
at sun.reflect.DelegatingConstructorAccessorImpl.newInstance(DelegatingConstructorAccessorImpl.java:45)
at java.lang.reflect.Constructor.newInstance(Constructor.java:423)
at org.openqa.selenium.remote.W3CHandshakeResponse.lambda$errorHandler$0(W3CHandshakeResponse.java:62)
at org.openqa.selenium.remote.HandshakeResponse.lambda$getResponseFunction$0(HandshakeResponse.java:30)
at org.openqa.selenium.remote.ProtocolHandshake.lambda$createSession$0(ProtocolHandshake.java:126)
at java.util.stream.ReferencePipeline$3$1.accept(ReferencePipeline.java:193)
at java.util.Spliterators$ArraySpliterator.tryAdvance(Spliterators.java:958)
at java.util.stream.ReferencePipeline.forEachWithCancel(ReferencePipeline.java:126)
at java.util.stream.AbstractPipeline.copyIntoWithCancel(AbstractPipeline.java:499)
at java.util.stream.AbstractPipeline.copyInto(AbstractPipeline.java:486)
at java.util.stream.AbstractPipeline.wrapAndCopyInto(AbstractPipeline.java:472)
at java.util.stream.FindOps$FindOp.evaluateSequential(FindOps.java:152)
at java.util.stream.AbstractPipeline.evaluate(AbstractPipeline.java:234)
at java.util.stream.ReferencePipeline.findFirst(ReferencePipeline.java:464)
at org.openqa.selenium.remote.ProtocolHandshake.createSession(ProtocolHandshake.java:128)
at org.openqa.selenium.remote.ProtocolHandshake.createSession(ProtocolHandshake.java:74)
at org.openqa.selenium.remote.HttpCommandExecutor.execute(HttpCommandExecutor.java:136)
at org.openqa.selenium.remote.service.DriverCommandExecutor.execute(DriverCommandExecutor.java:83)
at org.openqa.selenium.remote.RemoteWebDriver.execute(RemoteWebDriver.java:552)
at org.openqa.selenium.remote.RemoteWebDriver.startSession(RemoteWebDriver.java:213)
at org.openqa.selenium.remote.RemoteWebDriver.<init>(RemoteWebDriver.java:131)
at org.openqa.selenium.edge.EdgeDriver.<init>(EdgeDriver.java:141)
at org.openqa.selenium.edge.EdgeDriver.<init>(EdgeDriver.java:96)
at com.mv.GetsPlacements1.GetsPlacementTest.TestMethod(GetsPlacementTest.java:46)
at sun.reflect.NativeMethodAccessorImpl.invoke0(Native Method)
at sun.reflect.NativeMethodAccessorImpl.invoke(NativeMethodAccessorImpl.java:62)
at sun.reflect.DelegatingMethodAccessorImpl.invoke(DelegatingMethodAccessorImpl.java:43)
at java.lang.reflect.Method.invoke(Method.java:498)
at org.testng.internal.MethodInvocationHelper.invokeMethod(MethodInvocationHelper.java:134)
at org.testng.internal.TestInvoker.invokeMethod(TestInvoker.java:597)
at org.testng.internal.TestInvoker.invokeTestMethod(TestInvoker.java:173)
at org.testng.internal.MethodRunner.runInSequence(MethodRunner.java:46)
at org.testng.internal.TestInvoker$MethodInvocationAgent.invoke(TestInvoker.java:816)
at org.testng.internal.TestInvoker.invokeTestMethods(TestInvoker.java:146)
at org.testng.internal.TestMethodWorker.invokeTestMethods(TestMethodWorker.java:146)
at org.testng.internal.TestMethodWorker.run(TestMethodWorker.java:128)
at java.util.ArrayList.forEach(ArrayList.java:1257)
at org.testng.TestRunner.privateRun(TestRunner.java:766)
at org.testng.TestRunner.run(TestRunner.java:587)
at org.testng.SuiteRunner.runTest(SuiteRunner.java:384)
at org.testng.SuiteRunner.runSequentially(SuiteRunner.java:378)
at org.testng.SuiteRunner.privateRun(SuiteRunner.java:337)
at org.testng.SuiteRunner.run(SuiteRunner.java:286)
at org.testng.SuiteRunnerWorker.runSuite(SuiteRunnerWorker.java:53)
at org.testng.SuiteRunnerWorker.run(SuiteRunnerWorker.java:96)
at org.testng.TestNG.runSuitesSequentially(TestNG.java:1187)
at org.testng.TestNG.runSuitesLocally(TestNG.java:1109)
at org.testng.TestNG.runSuites(TestNG.java:1039)
at org.testng.TestNG.run(TestNG.java:1007)
at org.apache.maven.surefire.testng.TestNGExecutor.run(TestNGExecutor.java:283)
at org.apache.maven.surefire.testng.TestNGXmlTestSuite.execute(TestNGXmlTestSuite.java:75)
at org.apache.maven.surefire.testng.TestNGProvider.invoke(TestNGProvider.java:120)
at org.apache.maven.surefire.booter.ForkedBooter.runSuitesInProcess(ForkedBooter.java:377)
at org.apache.maven.surefire.booter.ForkedBooter.execute(ForkedBooter.java:138)
at org.apache.maven.surefire.booter.ForkedBooter.run(ForkedBooter.java:465)
at org.apache.maven.surefire.booter.ForkedBooter.main(ForkedBooter.java:451)
]]>
            </full-stacktrace>
          </exception> <!-- org.openqa.selenium.WebDriverException -->
          <reporter-output>
          </reporter-output>
        </test-method> <!-- TestMethod -->
      </class> <!-- com.mv.GetsPlacements1.GetsPlacementTest -->
    </test> <!-- Test -->
  </suite> <!-- Suite -->
</testng-results>
