<?xml version="1.0" encoding="UTF-8"?>
<testsuite xmlns:xsi="http://www.w3.org/2001/XMLSchema-instance" xsi:noNamespaceSchemaLocation="https://maven.apache.org/surefire/maven-surefire-plugin/xsd/surefire-test-report-3.0.xsd" version="3.0" name="TestSuite" time="187.159" tests="1" errors="0" skipped="0" failures="1">
  <properties>
[...]
</properties>
  <testcase name="TestMethod" classname="com.mv.GetsPlacements1.GetsPlacementTest" time="184.905">
    <failure message="unknown error: cannot find MSEdge binary&#10;Build info: version: &apos;3.141.59&apos;, revision: &apos;e82be7d358&apos;, time: &apos;2018-11-14T08:17:03&apos;&#10;System info: host: &apos;MLPT003&apos;, ip: &apos;192.168.0.45&apos;, os.name: &apos;Windows 10&apos;, os.arch: &apos;amd64&apos;, os.version: &apos;10.0&apos;, java.version: &apos;1.8.0_231&apos;&#10;Driver info: driver.version: EdgeDriver&#10;remote stacktrace: Backtrace:&#10;	Ordinal0 [0x00007FF67BBF7C42+3636290]&#10;	Ordinal0 [0x00007FF67BB0F949+2685257]&#10;	Ordinal0 [0x00007FF67B9AC0B1+1228977]&#10;	Ordinal0 [0x00007FF67B8FD535+513333]&#10;	Ordinal0 [0x00007FF67B8FA854+501844]&#10;	Ordinal0 [0x00007FF67B92EA47+715335]&#10;	Ordinal0 [0x00007FF67B92BEAF+704175]&#10;	Ordinal0 [0x00007FF67B9060E3+549091]&#10;	Ordinal0 [0x00007FF67B906EAE+552622]&#10;	Ordinal0 [0x00007FF67BB2CCA5+2804901]&#10;	GetHandleVerifier [0x00007FF67BD41DAC+1210124]&#10;	GetHandleVerifier [0x00007FF67BD41B20+1209472]&#10;	GetHandleVerifier [0x00007FF67BD56A91+1295345]&#10;	GetHandleVerifier [0x00007FF67BD428F4+1213012]&#10;	Ordinal0 [0x00007FF67BB20A08+2755080]&#10;	Ordinal0 [0x00007FF67BB2F079+2814073]&#10;	Ordinal0 [0x00007FF67BB4CEB8+2936504]&#10;	BaseThreadInitThunk [0x00007FF9D2ED7BD4+20]&#10;	RtlUserThreadStart [0x00007FF9D3BCCED1+33]&#10;" type="org.openqa.selenium.WebDriverException"><![CDATA[org.openqa.selenium.WebDriverException: 
unknown error: cannot find MSEdge binary
Build info: version: '3.141.59', revision: 'e82be7d358', time: '2018-11-14T08:17:03'
System info: host: 'MLPT003', ip: '192.168.0.45', os.name: 'Windows 10', os.arch: 'amd64', os.version: '10.0', java.version: '1.8.0_231'
Driver info: driver.version: EdgeDriver
remote stacktrace: Backtrace:
	Ordinal0 [0x00007FF67BBF7C42+3636290]
	Ordinal0 [0x00007FF67BB0F949+2685257]
	Ordinal0 [0x00007FF67B9AC0B1+1228977]
	Ordinal0 [0x00007FF67B8FD535+513333]
	Ordinal0 [0x00007FF67B8FA854+501844]
	Ordinal0 [0x00007FF67B92EA47+715335]
	Ordinal0 [0x00007FF67B92BEAF+704175]
	Ordinal0 [0x00007FF67B9060E3+549091]
	Ordinal0 [0x00007FF67B906EAE+552622]
	Ordinal0 [0x00007FF67BB2CCA5+2804901]
	GetHandleVerifier [0x00007FF67BD41DAC+1210124]
	GetHandleVerifier [0x00007FF67BD41B20+1209472]
	GetHandleVerifier [0x00007FF67BD56A91+1295345]
	GetHandleVerifier [0x00007FF67BD428F4+1213012]
	Ordinal0 [0x00007FF67BB20A08+2755080]
	Ordinal0 [0x00007FF67BB2F079+2814073]
	Ordinal0 [0x00007FF67BB4CEB8+2936504]
	BaseThreadInitThunk [0x00007FF9D2ED7BD4+20]
	RtlUserThreadStart [0x00007FF9D3BCCED1+33]

	at com.mv.GetsPlacements1.GetsPlacementTest.TestMethod(GetsPlacementTest.java:46)
]]></failure>
    <system-out><![CDATA[exceptionorg.openqa.selenium.TimeoutException: Expected condition failed: waiting for visibility of element located by By.xpath: //*[@id='dvAudioImgPlayId']/img (tried for 5 second(s) with 500 milliseconds interval)
]]></system-out>
    <system-err><![CDATA[SLF4J: Failed to load class "org.slf4j.impl.StaticLoggerBinder".
SLF4J: Defaulting to no-operation (NOP) logger implementation
SLF4J: See http://www.slf4j.org/codes.html#StaticLoggerBinder for further details.
1583129251914	mozrunner::runner	INFO	Running command: "C:\\Program Files\\Mozilla Firefox\\firefox.exe" "-marionette" "-foreground" "-no-remote" "-profile" "C:\\Users\\MV\\AppData\\Local\\Temp\\rust_mozprofile17P52e"
1583129256149	addons.webextension.doh-rollout@mozilla.org	WARN	Loading extension 'doh-rollout@mozilla.org': Reading manifest: Invalid extension permission: networkStatus
1583129257889	addons.webextension.screenshots@mozilla.org	WARN	Loading extension 'screenshots@mozilla.org': Reading manifest: Invalid extension permission: mozillaAddons
1583129257889	addons.webextension.screenshots@mozilla.org	WARN	Loading extension 'screenshots@mozilla.org': Reading manifest: Invalid extension permission: telemetry
1583129257889	addons.webextension.screenshots@mozilla.org	WARN	Loading extension 'screenshots@mozilla.org': Reading manifest: Invalid extension permission: resource://pdf.js/
1583129257890	addons.webextension.screenshots@mozilla.org	WARN	Loading extension 'screenshots@mozilla.org': Reading manifest: Invalid extension permission: about:reader*
JavaScript error: resource://gre/modules/XULStore.jsm, line 66: Error: Can't find profile directory.
1583129269732	Marionette	INFO	Listening on port 57291
1583129275431	Marionette	WARN	TLS certificate errors will be ignored for this session
Mar 02, 2020 11:37:56 AM org.openqa.selenium.remote.ProtocolHandshake createSession
INFO: Detected dialect: W3C
Starting ChromeDriver 79.0.3945.36 (3582db32b33893869b8c1339e8f4d9ed1816f143-refs/branch-heads/3945@{#614}) on port 25145
Only local connections are allowed.
Please protect ports used by ChromeDriver and related test frameworks to prevent access by malicious code.
[1583129364.344][WARNING]: This version of ChromeDriver has not been tested with Chrome version 80.
[1583129366.350][WARNING]: Timed out connecting to Chrome, retrying...
Mar 02, 2020 11:39:28 AM org.openqa.selenium.remote.ProtocolHandshake createSession
INFO: Detected dialect: W3C
[1583129370.412][WARNING]: Timed out connecting to Chrome, retrying...
Starting MSEdgeDriver 82.0.439.0 (22e3c5bf78db593ea4a525e53a623b9a8a6bd2ab) on port 35986
Only local connections are allowed.
Please protect ports used by MSEdgeDriver and related test frameworks to prevent access by malicious code.
]]></system-err>
  </testcase>
</testsuite>